0 info it worked if it ends with ok
1 verbose cli [ '/usr/local/bin/node', '/usr/local/bin/npm', 'start' ]
2 info using npm@3.10.10
3 info using node@v6.17.1
4 verbose config Skipping project config: /var/lib/jenkins/workspace/simple-jenkin-repo/.npmrc. (matches userconfig)
5 verbose run-script [ 'prestart', 'start', 'poststart' ]
6 info lifecycle my-app@0.1.0~prestart: my-app@0.1.0
7 silly lifecycle my-app@0.1.0~prestart: no script for prestart, continuing
8 info lifecycle my-app@0.1.0~start: my-app@0.1.0
9 verbose lifecycle my-app@0.1.0~start: unsafe-perm in lifecycle true
10 verbose lifecycle my-app@0.1.0~start: PATH: /usr/local/lib/node_modules/npm/bin/node-gyp-bin:/var/lib/jenkins/workspace/simple-jenkin-repo/node_modules/.bin:/usr/local/sbin:/usr/local/bin:/usr/sbin:/usr/bin:/sbin:/bin
11 verbose lifecycle my-app@0.1.0~start: CWD: /var/lib/jenkins/workspace/simple-jenkin-repo
12 silly lifecycle my-app@0.1.0~start: Args: [ '-c', 'react-scripts start' ]
13 silly lifecycle my-app@0.1.0~start: Returned: code: 1  signal: null
14 info lifecycle my-app@0.1.0~start: Failed to exec start script
15 verbose stack Error: my-app@0.1.0 start: `react-scripts start`
15 verbose stack Exit status 1
15 verbose stack     at EventEmitter.<anonymous> (/usr/local/lib/node_modules/npm/lib/utils/lifecycle.js:255:16)
15 verbose stack     at emitTwo (events.js:106:13)
15 verbose stack     at EventEmitter.emit (events.js:191:7)
15 verbose stack     at ChildProcess.<anonymous> (/usr/local/lib/node_modules/npm/lib/utils/spawn.js:40:14)
15 verbose stack     at emitTwo (events.js:106:13)
15 verbose stack     at ChildProcess.emit (events.js:191:7)
15 verbose stack     at maybeClose (internal/child_process.js:920:16)
15 verbose stack     at Process.ChildProcess._handle.onexit (internal/child_process.js:230:5)
16 verbose pkgid my-app@0.1.0
17 verbose cwd /var/lib/jenkins/workspace/simple-jenkin-repo
18 error Linux 4.15.0-72-generic
19 error argv "/usr/local/bin/node" "/usr/local/bin/npm" "start"
20 error node v6.17.1
21 error npm  v3.10.10
22 error code ELIFECYCLE
23 error my-app@0.1.0 start: `react-scripts start`
23 error Exit status 1
24 error Failed at the my-app@0.1.0 start script 'react-scripts start'.
24 error Make sure you have the latest version of node.js and npm installed.
24 error If you do, this is most likely a problem with the my-app package,
24 error not with npm itself.
24 error Tell the author that this fails on your system:
24 error     react-scripts start
24 error You can get information on how to open an issue for this project with:
24 error     npm bugs my-app
24 error Or if that isn't available, you can get their info via:
24 error     npm owner ls my-app
24 error There is likely additional logging output above.
25 verbose exit [ 1, true ]
